<?xml version="1.0" encoding="UTF-8"?>
<!-- Generated by org.testng.reporters.JUnitXMLReporter -->
<testsuite ignored="0" hostname="LAPTOP-LPHJOHGL" failures="0" tests="3" name="Default test" time="3.35" errors="0" timestamp="2023-05-26T01:48:52 IST">
  <testcase classname="TestClasses.loginpage" name="Username1" time="0.865"/>
  <testcase classname="TestClasses.loginpage" name="Password1" time="0.14"/>
  <testcase classname="TestClasses.loginpage" name="login1" time="2.265"/>
</testsuite> <!-- Default test -->
