<?xml version="1.0" encoding="UTF-8"?>
<!-- Generated by org.testng.reporters.JUnitXMLReporter -->
<testsuite ignored="0" hostname="LAPTOP-LPHJOHGL" failures="0" tests="3" name="Default test" time="2.387" errors="0" timestamp="2023-05-26T01:22:56 IST">
  <testcase classname="TestClasses.loginpage" name="Username1" time="0.763"/>
  <testcase classname="TestClasses.loginpage" name="Password1" time="0.126"/>
  <testcase classname="TestClasses.loginpage" name="login1" time="1.417"/>
</testsuite> <!-- Default test -->
