<?xml version="1.0" encoding="UTF-8"?>
<testng-results ignored="0" total="3" passed="3" failed="0" skipped="0">
  <reporter-output>
  </reporter-output>
  <suite started-at="2023-05-26T01:22:53 IST" name="Default suite" finished-at="2023-05-26T01:22:56 IST" duration-ms="2387">
    <groups>
    </groups>
    <test started-at="2023-05-26T01:22:53 IST" name="Default test" finished-at="2023-05-26T01:22:56 IST" duration-ms="2387">
      <class name="TestClasses.loginpage">
        <test-method is-config="true" signature="launchChrome()[pri:0, instance:TestClasses.loginpage@71ba6d4e]" started-at="2023-05-26T01:22:38 IST" name="launchChrome" finished-at="2023-05-26T01:22:53 IST" duration-ms="15574" status="PASS">
          <reporter-output>
          </reporter-output>
        </test-method> <!-- launchChrome -->
        <test-method is-config="true" signature="createobject()[pri:0, instance:TestClasses.loginpage@71ba6d4e]" started-at="2023-05-26T01:22:53 IST" name="createobject" finished-at="2023-05-26T01:22:54 IST" duration-ms="33" status="PASS">
          <reporter-output>
          </reporter-output>
        </test-method> <!-- createobject -->
        <test-method signature="Username1()[pri:1, instance:TestClasses.loginpage@71ba6d4e]" started-at="2023-05-26T01:22:54 IST" name="Username1" finished-at="2023-05-26T01:22:54 IST" duration-ms="763" status="PASS">
          <reporter-output>
          </reporter-output>
        </test-method> <!-- Username1 -->
        <test-method signature="Password1()[pri:2, instance:TestClasses.loginpage@71ba6d4e]" started-at="2023-05-26T01:22:54 IST" name="Password1" finished-at="2023-05-26T01:22:54 IST" duration-ms="126" status="PASS">
          <reporter-output>
          </reporter-output>
        </test-method> <!-- Password1 -->
        <test-method signature="login1()[pri:3, instance:TestClasses.loginpage@71ba6d4e]" started-at="2023-05-26T01:22:54 IST" name="login1" finished-at="2023-05-26T01:22:56 IST" duration-ms="1417" status="PASS">
          <reporter-output>
          </reporter-output>
        </test-method> <!-- login1 -->
      </class> <!-- TestClasses.loginpage -->
    </test> <!-- Default test -->
  </suite> <!-- Default suite -->
</testng-results>
